{
  "stats": {
    "suites": 1,
    "tests": 1,
    "passes": 1,
    "pending": 0,
    "failures": 0,
    "start": "2024-06-21T15:03:24.232Z",
    "end": "2024-06-21T15:03:29.157Z",
    "duration": 4925,
    "testsRegistered": 1,
    "passPercent": 100,
    "pendingPercent": 0,
    "other": 0,
    "hasOther": false,
    "skipped": 0,
    "hasSkipped": false
  },
  "results": [
    {
      "uuid": "94a6c923-e08c-415f-b568-7993f3d44f10",
      "title": "",
      "fullFile": "cypress\\e2e\\addProducToCart.cy.js",
      "file": "cypress\\e2e\\addProducToCart.cy.js",
      "beforeHooks": [],
      "afterHooks": [],
      "tests": [],
      "suites": [
        {
          "uuid": "d25fe7fc-f499-4076-ad73-33bd68d9117b",
          "title": "Add product to cart",
          "fullFile": "",
          "file": "",
          "beforeHooks": [],
          "afterHooks": [],
          "tests": [
            {
              "title": "Add products to cart",
              "fullTitle": "Add product to cart Add products to cart",
              "timedOut": null,
              "duration": 3531,
              "state": "passed",
              "speed": "fast",
              "pass": true,
              "fail": false,
              "pending": false,
              "context": null,
              "code": "cy.fixture('data.json').then(userData => {\n  cy.get(_productPageSelectors.default.product1).click();\n  cy.get(_productPageSelectors.default.product2).click();\n  cy.get(_productPageSelectors.default.cartButton).click();\n  cy.get(_productPageSelectors.default.product1NameAssertion).should('have.text', 'Sauce Labs Backpack');\n  cy.get(_productPageSelectors.default.product2NameAssertion).should('have.text', 'Sauce Labs Bike Light');\n  cy.get(_productPageSelectors.default.product1quantity).should('have.text', '1');\n  cy.get(_productPageSelectors.default.product2quantity).should('have.text', '1');\n  cy.get(_productPageSelectors.default.checkoutButton).click();\n  cy.get(_userDataSelectors.default.firstName).clear('J');\n  cy.get(_userDataSelectors.default.firstName).type(userData[0].firstName);\n  cy.get(_userDataSelectors.default.lastName).clear('J');\n  cy.get(_userDataSelectors.default.lastName).type(userData[0].lastName);\n  cy.get(_userDataSelectors.default.postalCode).clear('1');\n  cy.get(_userDataSelectors.default.postalCode).type(userData[0].postalCode);\n  cy.get(_userDataSelectors.default.continueButton).click();\n  cy.get(_userDataSelectors.default.finishButton).click();\n  cy.get(_userDataSelectors.default.backToProductsButton).click();\n});",
              "err": {},
              "uuid": "e2486aaa-fee9-45f7-9011-1b0e833051ec",
              "parentUUID": "d25fe7fc-f499-4076-ad73-33bd68d9117b",
              "isHook": false,
              "skipped": false
            }
          ],
          "suites": [],
          "passes": [
            "e2486aaa-fee9-45f7-9011-1b0e833051ec"
          ],
          "failures": [],
          "pending": [],
          "skipped": [],
          "duration": 3531,
          "root": false,
          "rootEmpty": false,
          "_timeout": 2000
        }
      ],
      "passes": [],
      "failures": [],
      "pending": [],
      "skipped": [],
      "duration": 0,
      "root": true,
      "rootEmpty": true,
      "_timeout": 2000
    }
  ],
  "meta": {
    "mocha": {
      "version": "7.0.1"
    },
    "mochawesome": {
      "options": {
        "quiet": false,
        "reportFilename": "mochawesome",
        "saveHtml": true,
        "saveJson": true,
        "consoleReporter": "spec",
        "useInlineDiffs": false,
        "code": true
      },
      "version": "7.1.3"
    },
    "marge": {
      "options": {
        "reportDir": "cypress/reports",
        "overwrite": false,
        "html": true,
        "json": true
      },
      "version": "6.2.0"
    }
  }
}