{
  "stats": {
    "suites": 1,
    "tests": 2,
    "passes": 2,
    "pending": 0,
    "failures": 0,
    "start": "2024-06-21T15:03:44.142Z",
    "end": "2024-06-21T15:03:48.182Z",
    "duration": 4040,
    "testsRegistered": 2,
    "passPercent": 100,
    "pendingPercent": 0,
    "other": 0,
    "hasOther": false,
    "skipped": 0,
    "hasSkipped": false
  },
  "results": [
    {
      "uuid": "b947f244-19e0-4161-a394-60eea535fbb5",
      "title": "",
      "fullFile": "cypress\\e2e\\burgerMenu.cy.js",
      "file": "cypress\\e2e\\burgerMenu.cy.js",
      "beforeHooks": [],
      "afterHooks": [],
      "tests": [],
      "suites": [
        {
          "uuid": "9e445f19-848f-4202-b265-73c3ab3d33d8",
          "title": "Burger menu",
          "fullFile": "",
          "file": "",
          "beforeHooks": [],
          "afterHooks": [],
          "tests": [
            {
              "title": "Burger menu",
              "fullTitle": "Burger menu Burger menu",
              "timedOut": null,
              "duration": 1660,
              "state": "passed",
              "speed": "fast",
              "pass": true,
              "fail": false,
              "pending": false,
              "context": null,
              "code": "cy.get(_burgerMenuSelectors.default.burgerMenuBtn).click();\ncy.get(_burgerMenuSelectors.default.allItems).should('have.text', 'All Items');\ncy.get(_burgerMenuSelectors.default.about).should('have.text', 'About');\ncy.get(_burgerMenuSelectors.default.resetAppState).should('have.text', 'Reset App State');\ncy.get(_burgerMenuSelectors.default.logout).should('have.text', 'Logout');",
              "err": {},
              "uuid": "3f9911ed-d82c-46ff-9966-2b4299aa30a4",
              "parentUUID": "9e445f19-848f-4202-b265-73c3ab3d33d8",
              "isHook": false,
              "skipped": false
            },
            {
              "title": "Burger menu options",
              "fullTitle": "Burger menu Burger menu options",
              "timedOut": null,
              "duration": 1434,
              "state": "passed",
              "speed": "fast",
              "pass": true,
              "fail": false,
              "pending": false,
              "context": null,
              "code": "cy.get(_burgerMenuSelectors.default.burgerMenuBtn).click();\ncy.get(_burgerMenuSelectors.default.cartButton).click();\ncy.get(_burgerMenuSelectors.default.burgerMenuBtn).click();\ncy.get(_burgerMenuSelectors.default.allItems).click();\ncy.url().then(url => {\n  cy.log('https://www.saucedemo.com/', url);\n  expect(url).to.include('inventory');\n});\ncy.get(_burgerMenuSelectors.default.burgerMenuBtn).click();\ncy.get(_burgerMenuSelectors.default.logout).click();\ncy.url().then(url => {\n  cy.log('https://www.saucedemo.com/', url);\n  expect(url).to.include('https://www.saucedemo.com/');\n});",
              "err": {},
              "uuid": "4a282660-8874-401c-a032-e7b1969b0eb2",
              "parentUUID": "9e445f19-848f-4202-b265-73c3ab3d33d8",
              "isHook": false,
              "skipped": false
            }
          ],
          "suites": [],
          "passes": [
            "3f9911ed-d82c-46ff-9966-2b4299aa30a4",
            "4a282660-8874-401c-a032-e7b1969b0eb2"
          ],
          "failures": [],
          "pending": [],
          "skipped": [],
          "duration": 3094,
          "root": false,
          "rootEmpty": false,
          "_timeout": 2000
        }
      ],
      "passes": [],
      "failures": [],
      "pending": [],
      "skipped": [],
      "duration": 0,
      "root": true,
      "rootEmpty": true,
      "_timeout": 2000
    }
  ],
  "meta": {
    "mocha": {
      "version": "7.0.1"
    },
    "mochawesome": {
      "options": {
        "quiet": false,
        "reportFilename": "mochawesome",
        "saveHtml": true,
        "saveJson": true,
        "consoleReporter": "spec",
        "useInlineDiffs": false,
        "code": true
      },
      "version": "7.1.3"
    },
    "marge": {
      "options": {
        "reportDir": "cypress/reports",
        "overwrite": false,
        "html": true,
        "json": true
      },
      "version": "6.2.0"
    }
  }
}